<?xml version="1.0" encoding="UTF-8"?>
<!-- Generated by org.testng.reporters.JUnitXMLReporter -->
<testsuite ignored="0" hostname="DESKTOP-RHNV6U2" failures="0" tests="4" name="Test" time="145.893" errors="0" timestamp="2023-06-14T03:09:48 IST">
  <testcase classname="Com.ivlytstage.TestLayer.LoginTestLayer" name="verifyLoginFunctionality" time="35.022"/>
  <testcase classname="Com.ivlytstage.TestLayer.CatalogueTest" name="printAllProductNames" time="17.855"/>
  <testcase classname="Com.ivlytstage.TestLayer.CatalogueTest" name="fliterProductsByBrand" time="25.985"/>
  <testcase classname="Com.ivlytstage.TestLayer.ProductDisplayTest" name="ProductDisplayLandingPage" time="10.551"/>
</testsuite> <!-- Test -->
