<?xml version="1.0" encoding="UTF-8"?>
<testng-results ignored="0" total="4" passed="4" failed="0" skipped="0">
  <reporter-output>
  </reporter-output>
  <suite started-at="2023-06-14T03:07:22 IST" name="Suite" finished-at="2023-06-14T03:09:48 IST" duration-ms="145893">
    <groups>
    </groups>
    <test started-at="2023-06-14T03:07:22 IST" name="Test" finished-at="2023-06-14T03:09:48 IST" duration-ms="145893">
      <class name="Com.ivlytstage.TestLayer.CatalogueTest">
        <test-method is-config="true" signature="setup()[pri:0, instance:Com.ivlytstage.TestLayer.CatalogueTest@1ea9f6af]" started-at="2023-06-14T03:08:06 IST" name="setup" finished-at="2023-06-14T03:08:32 IST" duration-ms="25815" status="PASS">
          <reporter-output>
          </reporter-output>
        </test-method> <!-- setup -->
        <test-method signature="printAllProductNames()[pri:1, instance:Com.ivlytstage.TestLayer.CatalogueTest@1ea9f6af]" started-at="2023-06-14T03:08:32 IST" name="printAllProductNames" description="Verify user can filter data by clicking on laptop" finished-at="2023-06-14T03:08:49 IST" duration-ms="17855" status="PASS">
          <reporter-output>
          </reporter-output>
        </test-method> <!-- printAllProductNames -->
        <test-method is-config="true" signature="tearDown()[pri:0, instance:Com.ivlytstage.TestLayer.CatalogueTest@1ea9f6af]" started-at="2023-06-14T03:08:49 IST" name="tearDown" finished-at="2023-06-14T03:08:50 IST" duration-ms="914" status="PASS">
          <reporter-output>
          </reporter-output>
        </test-method> <!-- tearDown -->
        <test-method is-config="true" signature="setup()[pri:0, instance:Com.ivlytstage.TestLayer.CatalogueTest@1ea9f6af]" started-at="2023-06-14T03:08:50 IST" name="setup" finished-at="2023-06-14T03:09:03 IST" duration-ms="12327" status="PASS">
          <reporter-output>
          </reporter-output>
        </test-method> <!-- setup -->
        <test-method signature="fliterProductsByBrand()[pri:2, instance:Com.ivlytstage.TestLayer.CatalogueTest@1ea9f6af]" started-at="2023-06-14T03:09:03 IST" name="fliterProductsByBrand" description="Verify user can filter data by Brand" finished-at="2023-06-14T03:09:29 IST" duration-ms="25985" status="PASS">
          <reporter-output>
          </reporter-output>
        </test-method> <!-- fliterProductsByBrand -->
        <test-method is-config="true" signature="tearDown()[pri:0, instance:Com.ivlytstage.TestLayer.CatalogueTest@1ea9f6af]" started-at="2023-06-14T03:09:29 IST" name="tearDown" finished-at="2023-06-14T03:09:29 IST" duration-ms="479" status="PASS">
          <reporter-output>
          </reporter-output>
        </test-method> <!-- tearDown -->
      </class> <!-- Com.ivlytstage.TestLayer.CatalogueTest -->
      <class name="Com.ivlytstage.TestLayer.ProductDisplayTest">
        <test-method is-config="true" signature="setup()[pri:0, instance:Com.ivlytstage.TestLayer.ProductDisplayTest@6a192cfe]" started-at="2023-06-14T03:09:29 IST" name="setup" finished-at="2023-06-14T03:09:36 IST" duration-ms="6745" status="PASS">
          <reporter-output>
          </reporter-output>
        </test-method> <!-- setup -->
        <test-method signature="ProductDisplayLandingPage()[pri:1, instance:Com.ivlytstage.TestLayer.ProductDisplayTest@6a192cfe]" started-at="2023-06-14T03:09:36 IST" name="ProductDisplayLandingPage" description="Verify user can redirected to product display page" finished-at="2023-06-14T03:09:46 IST" duration-ms="10551" status="PASS">
          <reporter-output>
          </reporter-output>
        </test-method> <!-- ProductDisplayLandingPage -->
        <test-method is-config="true" signature="tearDown()[pri:0, instance:Com.ivlytstage.TestLayer.ProductDisplayTest@6a192cfe]" started-at="2023-06-14T03:09:46 IST" name="tearDown" finished-at="2023-06-14T03:09:48 IST" duration-ms="1333" status="PASS">
          <reporter-output>
          </reporter-output>
        </test-method> <!-- tearDown -->
      </class> <!-- Com.ivlytstage.TestLayer.ProductDisplayTest -->
      <class name="Com.ivlytstage.TestLayer.LoginTestLayer">
        <test-method is-config="true" signature="setup()[pri:0, instance:Com.ivlytstage.TestLayer.LoginTestLayer@188715b5]" started-at="2023-06-14T03:07:22 IST" name="setup" finished-at="2023-06-14T03:07:30 IST" duration-ms="8195" status="PASS">
          <reporter-output>
          </reporter-output>
        </test-method> <!-- setup -->
        <test-method signature="verifyLoginFunctionality()[pri:0, instance:Com.ivlytstage.TestLayer.LoginTestLayer@188715b5]" started-at="2023-06-14T03:07:30 IST" name="verifyLoginFunctionality" finished-at="2023-06-14T03:08:05 IST" duration-ms="35022" status="PASS">
          <reporter-output>
          </reporter-output>
        </test-method> <!-- verifyLoginFunctionality -->
        <test-method is-config="true" signature="tearDown()[pri:0, instance:Com.ivlytstage.TestLayer.LoginTestLayer@188715b5]" started-at="2023-06-14T03:08:05 IST" name="tearDown" finished-at="2023-06-14T03:08:06 IST" duration-ms="586" status="PASS">
          <reporter-output>
          </reporter-output>
        </test-method> <!-- tearDown -->
      </class> <!-- Com.ivlytstage.TestLayer.LoginTestLayer -->
    </test> <!-- Test -->
  </suite> <!-- Suite -->
</testng-results>
